[2026-02-21T19:22:43.304Z] Email monitor starting...
[2026-02-21T19:22:43.307Z] Watching Gmail: thevisualbrandingexpert@gmail.com
[2026-02-21T19:22:43.307Z] Watching Yahoo: flwrs_kmbrly@yahoo.com
[2026-02-21T19:22:43.307Z] Alert phone: 210-294-9625
[2026-02-21T19:22:43.307Z] ---

[2026-02-21T19:22:43.307Z] === Email check cycle starting ===
[2026-02-21T19:22:44.676Z] No recent unseen emails in Gmail
[2026-02-21T19:22:48.208Z] No recent unseen emails in Yahoo
[2026-02-21T19:22:48.209Z] No new important emails
[2026-02-21T19:22:48.210Z] === Next check in 300s ===

[2026-02-21T19:27:48.313Z] === Email check cycle starting ===
[2026-02-21T19:27:49.147Z] No recent unseen emails in Gmail
[2026-02-21T19:27:52.697Z] No recent unseen emails in Yahoo
[2026-02-21T19:27:52.697Z] No new important emails
[2026-02-21T19:27:52.697Z] === Next check in 300s ===

[2026-02-21T19:32:52.795Z] === Email check cycle starting ===
[2026-02-21T19:32:54.113Z] No recent unseen emails in Gmail
[2026-02-21T19:32:57.763Z] No recent unseen emails in Yahoo
[2026-02-21T19:32:57.763Z] No new important emails
[2026-02-21T19:32:57.763Z] === Next check in 300s ===

[2026-02-21T19:37:57.862Z] === Email check cycle starting ===
[2026-02-21T19:37:58.665Z] No recent unseen emails in Gmail
[2026-02-21T19:38:02.266Z] No recent unseen emails in Yahoo
[2026-02-21T19:38:02.267Z] No new important emails
[2026-02-21T19:38:02.267Z] === Next check in 300s ===

[2026-02-21T19:43:02.365Z] === Email check cycle starting ===
[2026-02-21T19:43:03.690Z] No recent unseen emails in Gmail
[2026-02-21T19:43:13.347Z] No recent unseen emails in Yahoo
[2026-02-21T19:43:13.347Z] No new important emails
[2026-02-21T19:43:13.347Z] === Next check in 300s ===

[2026-02-21T19:48:13.447Z] === Email check cycle starting ===
[2026-02-21T19:48:14.778Z] No recent unseen emails in Gmail
[2026-02-21T19:48:18.423Z] No recent unseen emails in Yahoo
[2026-02-21T19:48:18.423Z] No new important emails
[2026-02-21T19:48:18.423Z] === Next check in 300s ===

[2026-02-21T19:53:18.523Z] === Email check cycle starting ===
[2026-02-21T19:53:19.849Z] No recent unseen emails in Gmail
[2026-02-21T19:53:23.304Z] No recent unseen emails in Yahoo
[2026-02-21T19:53:23.304Z] No new important emails
[2026-02-21T19:53:23.305Z] === Next check in 300s ===

[2026-02-21T19:58:23.396Z] === Email check cycle starting ===
[2026-02-21T19:58:24.736Z] No recent unseen emails in Gmail
[2026-02-21T19:58:28.696Z] No recent unseen emails in Yahoo
[2026-02-21T19:58:28.697Z] No new important emails
[2026-02-21T19:58:28.697Z] === Next check in 300s ===

[2026-02-21T20:03:28.795Z] === Email check cycle starting ===
[2026-02-21T20:03:30.123Z] No recent unseen emails in Gmail
[2026-02-21T20:03:33.497Z] No recent unseen emails in Yahoo
[2026-02-21T20:03:33.497Z] No new important emails
[2026-02-21T20:03:33.497Z] === Next check in 300s ===

[2026-02-21T20:08:33.596Z] === Email check cycle starting ===
[2026-02-21T20:08:34.932Z] No recent unseen emails in Gmail
[2026-02-21T20:08:38.560Z] No recent unseen emails in Yahoo
[2026-02-21T20:08:38.561Z] No new important emails
[2026-02-21T20:08:38.561Z] === Next check in 300s ===

[2026-02-21T20:13:38.641Z] === Email check cycle starting ===
[2026-02-21T20:13:39.969Z] No recent unseen emails in Gmail
[2026-02-21T20:13:43.576Z] No recent unseen emails in Yahoo
[2026-02-21T20:13:43.577Z] No new important emails
[2026-02-21T20:13:43.577Z] === Next check in 300s ===

[2026-02-21T20:18:43.675Z] === Email check cycle starting ===
[2026-02-21T20:18:45.111Z] No recent unseen emails in Gmail
[2026-02-21T20:18:48.774Z] No recent unseen emails in Yahoo
[2026-02-21T20:18:48.775Z] No new important emails
[2026-02-21T20:18:48.775Z] === Next check in 300s ===

[2026-02-21T20:23:48.868Z] === Email check cycle starting ===
[2026-02-21T20:23:50.240Z] No recent unseen emails in Gmail
[2026-02-21T20:23:53.986Z] No recent unseen emails in Yahoo
[2026-02-21T20:23:53.986Z] No new important emails
[2026-02-21T20:23:53.986Z] === Next check in 300s ===

[2026-02-21T20:28:54.085Z] === Email check cycle starting ===
[2026-02-21T20:28:55.463Z] No recent unseen emails in Gmail
[2026-02-21T20:28:59.066Z] No recent unseen emails in Yahoo
[2026-02-21T20:28:59.067Z] No new important emails
[2026-02-21T20:28:59.067Z] === Next check in 300s ===

[2026-02-21T20:33:59.163Z] === Email check cycle starting ===
[2026-02-21T20:34:00.533Z] No recent unseen emails in Gmail
[2026-02-21T20:34:03.972Z] No recent unseen emails in Yahoo
[2026-02-21T20:34:03.972Z] No new important emails
[2026-02-21T20:34:03.972Z] === Next check in 300s ===

[2026-02-21T20:39:04.071Z] === Email check cycle starting ===
[2026-02-21T20:39:04.936Z] No recent unseen emails in Gmail
[2026-02-21T20:39:08.558Z] No recent unseen emails in Yahoo
[2026-02-21T20:39:08.558Z] No new important emails
[2026-02-21T20:39:08.558Z] === Next check in 300s ===

[2026-02-21T20:44:08.656Z] === Email check cycle starting ===
[2026-02-21T20:44:10.040Z] No recent unseen emails in Gmail
[2026-02-21T20:44:13.646Z] No recent unseen emails in Yahoo
[2026-02-21T20:44:13.647Z] No new important emails
[2026-02-21T20:44:13.647Z] === Next check in 300s ===

[2026-02-21T20:49:13.745Z] === Email check cycle starting ===
[2026-02-21T20:49:15.061Z] No recent unseen emails in Gmail
[2026-02-21T20:49:18.708Z] No recent unseen emails in Yahoo
[2026-02-21T20:49:18.709Z] No new important emails
[2026-02-21T20:49:18.709Z] === Next check in 300s ===

[2026-02-21T20:54:18.809Z] === Email check cycle starting ===
[2026-02-21T20:54:19.618Z] No recent unseen emails in Gmail
[2026-02-21T20:54:23.217Z] No recent unseen emails in Yahoo
[2026-02-21T20:54:23.217Z] No new important emails
[2026-02-21T20:54:23.217Z] === Next check in 300s ===

[2026-02-21T21:56:33.159Z] Email monitor starting...
[2026-02-21T21:56:33.166Z] Watching Gmail: thevisualbrandingexpert@gmail.com
[2026-02-21T21:56:33.166Z] Watching Yahoo: flwrs_kmbrly@yahoo.com
[2026-02-21T21:56:33.166Z] Alert phone: 210-294-9625
[2026-02-21T21:56:33.166Z] ---

[2026-02-21T21:56:33.166Z] === Email check cycle starting ===
[2026-02-21T21:56:34.584Z] No recent unseen emails in Gmail
[2026-02-21T21:56:39.193Z] No recent unseen emails in Yahoo
[2026-02-21T21:56:39.193Z] No new important emails
[2026-02-21T21:56:39.193Z] === Next check in 300s ===

[2026-02-21T22:01:39.292Z] === Email check cycle starting ===
[2026-02-21T22:01:40.606Z] No recent unseen emails in Gmail
[2026-02-21T22:01:44.817Z] No recent unseen emails in Yahoo
[2026-02-21T22:01:44.817Z] No new important emails
[2026-02-21T22:01:44.820Z] === Next check in 300s ===

[2026-02-21T22:06:44.919Z] === Email check cycle starting ===
[2026-02-21T22:06:46.218Z] No recent unseen emails in Gmail
[2026-02-21T22:06:50.016Z] No recent unseen emails in Yahoo
[2026-02-21T22:06:50.017Z] No new important emails
[2026-02-21T22:06:50.018Z] === Next check in 300s ===

[2026-02-21T22:11:50.118Z] === Email check cycle starting ===
[2026-02-21T22:11:50.908Z] No recent unseen emails in Gmail
[2026-02-21T22:11:55.186Z] No recent unseen emails in Yahoo
[2026-02-21T22:11:55.187Z] No new important emails
[2026-02-21T22:11:55.187Z] === Next check in 300s ===

[2026-02-21T22:16:55.286Z] === Email check cycle starting ===
[2026-02-21T22:16:56.112Z] No recent unseen emails in Gmail
[2026-02-21T22:17:00.009Z] No recent unseen emails in Yahoo
[2026-02-21T22:17:00.009Z] No new important emails
[2026-02-21T22:17:00.009Z] === Next check in 300s ===

[2026-02-21T22:22:00.110Z] === Email check cycle starting ===
[2026-02-21T22:22:00.945Z] No recent unseen emails in Gmail
[2026-02-21T22:22:04.977Z] No recent unseen emails in Yahoo
[2026-02-21T22:22:04.977Z] No new important emails
[2026-02-21T22:22:04.977Z] === Next check in 300s ===

[2026-02-21T22:27:05.077Z] === Email check cycle starting ===
[2026-02-21T22:27:06.451Z] No recent unseen emails in Gmail
[2026-02-21T22:27:10.282Z] No recent unseen emails in Yahoo
[2026-02-21T22:27:10.282Z] No new important emails
[2026-02-21T22:27:10.282Z] === Next check in 300s ===

[2026-02-21T22:32:10.381Z] === Email check cycle starting ===
[2026-02-21T22:32:11.721Z] No recent unseen emails in Gmail
[2026-02-21T22:32:15.632Z] No recent unseen emails in Yahoo
[2026-02-21T22:32:15.632Z] No new important emails
[2026-02-21T22:32:15.632Z] === Next check in 300s ===

[2026-02-21T22:37:15.732Z] === Email check cycle starting ===
[2026-02-21T22:37:17.320Z] No recent unseen emails in Gmail
[2026-02-21T22:37:21.238Z] No recent unseen emails in Yahoo
[2026-02-21T22:37:21.238Z] No new important emails
[2026-02-21T22:37:21.239Z] === Next check in 300s ===

[2026-02-21T22:42:21.339Z] === Email check cycle starting ===
[2026-02-21T22:42:22.685Z] No recent unseen emails in Gmail
[2026-02-21T22:42:26.831Z] No recent unseen emails in Yahoo
[2026-02-21T22:42:26.831Z] No new important emails
[2026-02-21T22:42:26.833Z] === Next check in 300s ===

[2026-02-21T22:47:26.931Z] === Email check cycle starting ===
[2026-02-21T22:47:28.302Z] No recent unseen emails in Gmail
[2026-02-21T22:47:32.322Z] No recent unseen emails in Yahoo
[2026-02-21T22:47:32.323Z] No new important emails
[2026-02-21T22:47:32.325Z] === Next check in 300s ===

[2026-02-21T22:52:32.424Z] === Email check cycle starting ===
[2026-02-21T22:52:33.744Z] No recent unseen emails in Gmail
[2026-02-21T22:52:37.958Z] No recent unseen emails in Yahoo
[2026-02-21T22:52:37.958Z] No new important emails
[2026-02-21T22:52:37.960Z] === Next check in 300s ===

[2026-02-21T22:57:38.052Z] === Email check cycle starting ===
[2026-02-21T22:57:39.417Z] No recent unseen emails in Gmail
[2026-02-21T22:57:43.529Z] No recent unseen emails in Yahoo
[2026-02-21T22:57:43.530Z] No new important emails
[2026-02-21T22:57:43.530Z] === Next check in 300s ===

[2026-02-21T23:02:43.626Z] === Email check cycle starting ===
[2026-02-21T23:02:45.140Z] No recent unseen emails in Gmail
[2026-02-21T23:02:49.275Z] No recent unseen emails in Yahoo
[2026-02-21T23:02:49.275Z] No new important emails
[2026-02-21T23:02:49.277Z] === Next check in 300s ===

[2026-02-21T23:07:49.378Z] === Email check cycle starting ===
[2026-02-21T23:07:50.673Z] No recent unseen emails in Gmail
[2026-02-21T23:07:55.027Z] No recent unseen emails in Yahoo
[2026-02-21T23:07:55.027Z] No new important emails
[2026-02-21T23:07:55.029Z] === Next check in 300s ===

[2026-02-21T23:12:55.127Z] === Email check cycle starting ===
[2026-02-21T23:12:56.485Z] No recent unseen emails in Gmail
[2026-02-21T23:13:00.641Z] No recent unseen emails in Yahoo
[2026-02-21T23:13:00.642Z] No new important emails
[2026-02-21T23:13:00.642Z] === Next check in 300s ===

[2026-02-21T23:18:00.739Z] === Email check cycle starting ===
[2026-02-21T23:18:02.100Z] No recent unseen emails in Gmail
[2026-02-21T23:18:06.162Z] No recent unseen emails in Yahoo
[2026-02-21T23:18:06.162Z] No new important emails
[2026-02-21T23:18:06.162Z] === Next check in 300s ===

[2026-02-21T23:23:06.261Z] === Email check cycle starting ===
[2026-02-21T23:23:07.577Z] No recent unseen emails in Gmail
[2026-02-21T23:23:12.085Z] No recent unseen emails in Yahoo
[2026-02-21T23:23:12.085Z] No new important emails
[2026-02-21T23:23:12.085Z] === Next check in 300s ===

[2026-02-21T23:34:11.661Z] Email monitor starting...
[2026-02-21T23:34:11.667Z] Watching Gmail: thevisualbrandingexpert@gmail.com
[2026-02-21T23:34:11.667Z] Watching Yahoo: flwrs_kmbrly@yahoo.com
[2026-02-21T23:34:11.667Z] Alert phone: 210-294-9625
[2026-02-21T23:34:11.667Z] ---

[2026-02-21T23:34:11.667Z] === Email check cycle starting ===
[2026-02-21T23:34:13.103Z] No recent unseen emails in Gmail
[2026-02-21T23:34:17.168Z] No recent unseen emails in Yahoo
[2026-02-21T23:34:17.168Z] No new important emails
[2026-02-21T23:34:17.169Z] === Next check in 300s ===

[2026-02-21T23:39:17.267Z] === Email check cycle starting ===
[2026-02-21T23:39:18.588Z] No recent unseen emails in Gmail
[2026-02-21T23:39:22.846Z] No recent unseen emails in Yahoo
[2026-02-21T23:39:22.846Z] No new important emails
[2026-02-21T23:39:22.846Z] === Next check in 300s ===

[2026-02-21T23:44:22.945Z] === Email check cycle starting ===
[2026-02-21T23:44:24.397Z] No recent unseen emails in Gmail
[2026-02-21T23:44:28.532Z] No recent unseen emails in Yahoo
[2026-02-21T23:44:28.533Z] No new important emails
[2026-02-21T23:44:28.533Z] === Next check in 300s ===

[2026-02-21T23:49:28.631Z] === Email check cycle starting ===
[2026-02-21T23:49:29.926Z] No recent unseen emails in Gmail
[2026-02-21T23:49:34.118Z] No recent unseen emails in Yahoo
[2026-02-21T23:49:34.118Z] No new important emails
[2026-02-21T23:49:34.118Z] === Next check in 300s ===

[2026-02-21T23:54:34.220Z] === Email check cycle starting ===
[2026-02-21T23:54:35.607Z] No recent unseen emails in Gmail
[2026-02-21T23:54:39.620Z] No recent unseen emails in Yahoo
[2026-02-21T23:54:39.620Z] No new important emails
[2026-02-21T23:54:39.620Z] === Next check in 300s ===

[2026-02-21T23:59:39.719Z] === Email check cycle starting ===
[2026-02-21T23:59:41.056Z] No recent unseen emails in Gmail
[2026-02-21T23:59:48.014Z] No recent unseen emails in Yahoo
[2026-02-21T23:59:48.015Z] No new important emails
[2026-02-21T23:59:48.015Z] === Next check in 300s ===

[2026-02-22T00:04:48.112Z] === Email check cycle starting ===
[2026-02-22T00:04:49.480Z] No recent unseen emails in Gmail
[2026-02-22T00:04:53.614Z] No recent unseen emails in Yahoo
[2026-02-22T00:04:53.614Z] No new important emails
[2026-02-22T00:04:53.614Z] === Next check in 300s ===

[2026-02-22T00:09:53.706Z] === Email check cycle starting ===
[2026-02-22T00:09:55.084Z] No recent unseen emails in Gmail
[2026-02-22T00:09:59.365Z] No recent unseen emails in Yahoo
[2026-02-22T00:09:59.366Z] No new important emails
[2026-02-22T00:09:59.366Z] === Next check in 300s ===

[2026-02-22T00:14:59.461Z] === Email check cycle starting ===
[2026-02-22T00:15:00.814Z] No recent unseen emails in Gmail
[2026-02-22T00:15:05.252Z] No recent unseen emails in Yahoo
[2026-02-22T00:15:05.252Z] No new important emails
[2026-02-22T00:15:05.254Z] === Next check in 300s ===

[2026-02-22T00:20:05.351Z] === Email check cycle starting ===
[2026-02-22T00:20:06.788Z] No recent unseen emails in Gmail
[2026-02-22T00:20:10.955Z] No recent unseen emails in Yahoo
[2026-02-22T00:20:10.956Z] No new important emails
[2026-02-22T00:20:10.956Z] === Next check in 300s ===

[2026-02-22T00:25:11.055Z] === Email check cycle starting ===
[2026-02-22T00:25:12.500Z] No recent unseen emails in Gmail
[2026-02-22T00:25:16.666Z] No recent unseen emails in Yahoo
[2026-02-22T00:25:16.667Z] No new important emails
[2026-02-22T00:25:16.667Z] === Next check in 300s ===

[2026-02-22T00:30:16.765Z] === Email check cycle starting ===
[2026-02-22T00:30:18.136Z] No recent unseen emails in Gmail
[2026-02-22T00:30:22.481Z] No recent unseen emails in Yahoo
[2026-02-22T00:30:22.482Z] No new important emails
[2026-02-22T00:30:22.484Z] === Next check in 300s ===

[2026-02-22T00:35:22.576Z] === Email check cycle starting ===
[2026-02-22T00:35:23.856Z] No recent unseen emails in Gmail
[2026-02-22T00:35:28.166Z] No recent unseen emails in Yahoo
[2026-02-22T00:35:28.166Z] No new important emails
[2026-02-22T00:35:28.168Z] === Next check in 300s ===

[2026-02-22T00:40:28.268Z] === Email check cycle starting ===
[2026-02-22T00:40:29.714Z] No recent unseen emails in Gmail
[2026-02-22T00:40:33.871Z] No recent unseen emails in Yahoo
[2026-02-22T00:40:33.873Z] No new important emails
[2026-02-22T00:40:33.873Z] === Next check in 300s ===

[2026-02-22T00:45:33.971Z] === Email check cycle starting ===
[2026-02-22T00:45:35.431Z] No recent unseen emails in Gmail
[2026-02-22T00:45:39.617Z] No recent unseen emails in Yahoo
[2026-02-22T00:45:39.617Z] No new important emails
[2026-02-22T00:45:39.617Z] === Next check in 300s ===

[2026-02-22T00:50:39.715Z] === Email check cycle starting ===
[2026-02-22T00:50:41.088Z] No recent unseen emails in Gmail
[2026-02-22T00:50:45.282Z] No recent unseen emails in Yahoo
[2026-02-22T00:50:45.282Z] No new important emails
[2026-02-22T00:50:45.284Z] === Next check in 300s ===

[2026-02-22T00:55:45.383Z] === Email check cycle starting ===
[2026-02-22T00:55:46.836Z] No recent unseen emails in Gmail
[2026-02-22T00:55:51.190Z] No recent unseen emails in Yahoo
[2026-02-22T00:55:51.190Z] No new important emails
[2026-02-22T00:55:51.190Z] === Next check in 300s ===

[2026-02-22T01:00:51.287Z] === Email check cycle starting ===
[2026-02-22T01:00:52.626Z] No recent unseen emails in Gmail
[2026-02-22T01:00:57.001Z] No recent unseen emails in Yahoo
[2026-02-22T01:00:57.002Z] No new important emails
[2026-02-22T01:00:57.003Z] === Next check in 300s ===

[2026-02-22T01:05:57.103Z] === Email check cycle starting ===
[2026-02-22T01:05:58.564Z] No recent unseen emails in Gmail
[2026-02-22T01:06:03.181Z] No recent unseen emails in Yahoo
[2026-02-22T01:06:03.181Z] No new important emails
[2026-02-22T01:06:03.181Z] === Next check in 300s ===

[2026-02-22T01:11:03.279Z] === Email check cycle starting ===
[2026-02-22T01:11:04.608Z] No recent unseen emails in Gmail
[2026-02-22T01:11:08.930Z] No recent unseen emails in Yahoo
[2026-02-22T01:11:08.931Z] No new important emails
[2026-02-22T01:11:08.932Z] === Next check in 300s ===

[2026-02-22T01:16:09.031Z] === Email check cycle starting ===
[2026-02-22T01:16:10.414Z] No recent unseen emails in Gmail
[2026-02-22T01:16:14.590Z] No recent unseen emails in Yahoo
[2026-02-22T01:16:14.590Z] No new important emails
[2026-02-22T01:16:14.591Z] === Next check in 300s ===

[2026-02-22T01:21:14.687Z] === Email check cycle starting ===
[2026-02-22T01:21:16.022Z] No recent unseen emails in Gmail
[2026-02-22T01:21:20.266Z] No recent unseen emails in Yahoo
[2026-02-22T01:21:20.266Z] No new important emails
[2026-02-22T01:21:20.266Z] === Next check in 300s ===

[2026-02-22T01:26:20.365Z] === Email check cycle starting ===
[2026-02-22T01:26:21.704Z] No recent unseen emails in Gmail
[2026-02-22T01:26:25.914Z] No recent unseen emails in Yahoo
[2026-02-22T01:26:25.916Z] No new important emails
[2026-02-22T01:26:25.916Z] === Next check in 300s ===

[2026-02-22T01:31:26.015Z] === Email check cycle starting ===
[2026-02-22T01:31:27.304Z] No recent unseen emails in Gmail
[2026-02-22T01:31:31.729Z] No recent unseen emails in Yahoo
[2026-02-22T01:31:31.730Z] No new important emails
[2026-02-22T01:31:31.731Z] === Next check in 300s ===

[2026-02-22T01:36:31.830Z] === Email check cycle starting ===
[2026-02-22T01:36:33.124Z] No recent unseen emails in Gmail
[2026-02-22T01:36:37.444Z] No recent unseen emails in Yahoo
[2026-02-22T01:36:37.445Z] No new important emails
[2026-02-22T01:36:37.445Z] === Next check in 300s ===

[2026-02-22T01:41:37.543Z] === Email check cycle starting ===
[2026-02-22T01:41:38.938Z] No recent unseen emails in Gmail
[2026-02-22T01:41:43.193Z] No recent unseen emails in Yahoo
[2026-02-22T01:41:43.194Z] No new important emails
[2026-02-22T01:41:43.194Z] === Next check in 300s ===

[2026-02-22T01:46:43.291Z] === Email check cycle starting ===
[2026-02-22T01:46:44.230Z] No recent unseen emails in Gmail
[2026-02-22T01:46:48.621Z] No recent unseen emails in Yahoo
[2026-02-22T01:46:48.622Z] No new important emails
[2026-02-22T01:46:48.624Z] === Next check in 300s ===

[2026-02-22T01:51:48.724Z] === Email check cycle starting ===
[2026-02-22T01:51:50.143Z] No recent unseen emails in Gmail
[2026-02-22T01:51:54.477Z] No recent unseen emails in Yahoo
[2026-02-22T01:51:54.477Z] No new important emails
[2026-02-22T01:51:54.478Z] === Next check in 300s ===

[2026-02-22T01:56:54.575Z] === Email check cycle starting ===
[2026-02-22T01:56:55.919Z] No recent unseen emails in Gmail
[2026-02-22T01:57:00.203Z] No recent unseen emails in Yahoo
[2026-02-22T01:57:00.203Z] No new important emails
[2026-02-22T01:57:00.203Z] === Next check in 300s ===

[2026-02-22T02:02:00.303Z] === Email check cycle starting ===
[2026-02-22T02:02:01.661Z] No recent unseen emails in Gmail
[2026-02-22T02:02:05.965Z] No recent unseen emails in Yahoo
[2026-02-22T02:02:05.965Z] No new important emails
[2026-02-22T02:02:05.970Z] === Next check in 300s ===

